  compilation object save succeeded; see D:\my programs\DirectX12\x64\Release\BasicPS.cso
  compilation object save succeeded; see D:\my programs\DirectX12\x64\Release\BasicVS.cso
  compilation object save succeeded; see D:\my programs\DirectX12\x64\Release\Object3dPS.cso
  compilation object save succeeded; see D:\my programs\DirectX12\x64\Release\Object3dVS.cso
  compilation object save succeeded; see D:\my programs\DirectX12\x64\Release\SpritePS.cso
  compilation object save succeeded; see D:\my programs\DirectX12\x64\Release\SpriteVS.cso
  Audio.cpp
  Collision.cpp
  CollisionPrimitive.cpp
  DebugText.cpp
  DirectXCommon.cpp
  GameScene.cpp
D:\my programs\DirectX12\DirectX12\GameScene.cpp(126,19): warning C4305: '=': 'double' から 'float' へ切り詰めます。
D:\my programs\DirectX12\DirectX12\GameScene.cpp(130,21): warning C4305: '=': 'double' から 'float' へ切り詰めます。
D:\my programs\DirectX12\DirectX12\GameScene.cpp(268,26): warning C4305: '+=': 'double' から 'float' へ切り詰めます。
  Input.cpp
  main.cpp
  Model.cpp
  Object3d.cpp
  Sprite.cpp
  Vector3.cpp
D:\my programs\DirectX12\DirectX12\Vector3.cpp(8,13): warning C4244: 'return': 'double' から 'const float' への変換です。データが失われる可能性があります。
D:\my programs\DirectX12\DirectX12\Vector3.cpp(109,22): warning C4244: '引数': 'double' から 'float' への変換です。データが失われる可能性があります。
D:\my programs\DirectX12\DirectX12\Vector3.cpp(121,36): warning C4244: '引数': 'double' から 'float' への変換です。データが失われる可能性があります。
D:\my programs\DirectX12\DirectX12\Vector3.cpp(125,36): warning C4244: '引数': 'double' から 'float' への変換です。データが失われる可能性があります。
D:\my programs\DirectX12\DirectX12\Vector3.cpp(129,36): warning C4244: '引数': 'double' から 'float' への変換です。データが失われる可能性があります。
D:\my programs\DirectX12\DirectX12\Vector3.cpp(133,36): warning C4244: '引数': 'double' から 'float' への変換です。データが失われる可能性があります。
  WinApp.cpp
  コード生成しています。
  Previous IPDB not found, fall back to full compilation.
  All 1326 functions were compiled because no usable IPDB/IOBJ from previous compilation was found.
  コード生成が終了しました。
  DirectX12.vcxproj -> D:\my programs\DirectX12\x64\Release\DirectX12.exe
